This is pdfTeX, Version 3.141592653-2.6-1.40.24 (TeX Live 2022) (preloaded format=pdflatex 2022.10.1)  28 OCT 2022 23:10
entering extended mode
 restricted \write18 enabled.
 file:line:error style messages enabled.
 %&-line parsing enabled.
**proyecto.tex
(./proyecto.tex
LaTeX2e <2022-06-01> patch level 5
L3 programming layer <2022-09-28>
(/opt/texlive/texdir/texmf-dist/tex/latex/base/book.cls
Document Class: book 2021/10/04 v1.4n Standard LaTeX document class
(/opt/texlive/texdir/texmf-dist/tex/latex/base/bk11.clo
File: bk11.clo 2021/10/04 v1.4n Standard LaTeX file (size option)
)
\c@part=\count185
\c@chapter=\count186
\c@section=\count187
\c@subsection=\count188
\c@subsubsection=\count189
\c@paragraph=\count190
\c@subparagraph=\count191
\c@figure=\count192
\c@table=\count193
\abovecaptionskip=\skip47
\belowcaptionskip=\skip48
\bibindent=\dimen138
)
(/opt/texlive/texdir/texmf-dist/tex/latex/listings/listings.sty
(/opt/texlive/texdir/texmf-dist/tex/latex/graphics/keyval.sty
Package: keyval 2022/05/29 v1.15 key=value parser (DPC)
\KV@toks@=\toks16
)
\lst@mode=\count194
\lst@gtempboxa=\box51
\lst@token=\toks17
\lst@length=\count195
\lst@currlwidth=\dimen139
\lst@column=\count196
\lst@pos=\count197
\lst@lostspace=\dimen140
\lst@width=\dimen141
\lst@newlines=\count198
\lst@lineno=\count199
\lst@maxwidth=\dimen142

(/opt/texlive/texdir/texmf-dist/tex/latex/listings/lstmisc.sty
File: lstmisc.sty 2020/03/24 1.8d (Carsten Heinz)
\c@lstnumber=\count266
\lst@skipnumbers=\count267
\lst@framebox=\box52
)
(/opt/texlive/texdir/texmf-dist/tex/latex/listings/listings.cfg
File: listings.cfg 2020/03/24 1.8d listings configuration
))
Package: listings 2020/03/24 1.8d (Carsten Heinz)

(/opt/texlive/texdir/texmf-dist/tex/latex/base/inputenc.sty
Package: inputenc 2021/02/14 v1.3d Input encoding file
\inpenc@prehook=\toks18
\inpenc@posthook=\toks19
)
(/opt/texlive/texdir/texmf-dist/tex/generic/babel/babel.sty
Package: babel 2022/09/17 3.80 The Babel package
\babel@savecnt=\count268
\U@D=\dimen143
\l@unhyphenated=\language87

(/opt/texlive/texdir/texmf-dist/tex/generic/babel/txtbabel.def)
\bbl@readstream=\read2
\bbl@dirlevel=\count269

(/opt/texlive/texdir/texmf-dist/tex/generic/babel-spanish/spanish.ldf
Language: spanish.ldf 2021/05/27 v5.0q Spanish support from the babel system
\es@quottoks=\toks20
\es@quotdepth=\count270
Package babel Info: Making " an active character on input line 570.
Package babel Info: Making . an active character on input line 675.
Package babel Info: Making < an active character on input line 722.
Package babel Info: Making > an active character on input line 722.
))
(/opt/texlive/texdir/texmf-dist/tex/generic/babel/locale/es/babel-spanish.tex
Package babel Info: Importing font and identification data for spanish
(babel)             from babel-es.ini. Reported on input line 11.
)
(/opt/texlive/texdir/texmf-dist/tex/latex/tools/dcolumn.sty
Package: dcolumn 2014/10/28 v1.06 decimal alignment package (DPC)

(/opt/texlive/texdir/texmf-dist/tex/latex/tools/array.sty
Package: array 2022/03/10 v2.5f Tabular extension package (FMi)
\col@sep=\dimen144
\ar@mcellbox=\box53
\extrarowheight=\dimen145
\NC@list=\toks21
\extratabsurround=\skip49
\backup@length=\skip50
\ar@cellbox=\box54
))
(/opt/texlive/texdir/texmf-dist/tex/latex/tools/verbatim.sty
Package: verbatim 2020-07-07 v1.5u LaTeX2e package for verbatim enhancements
\every@verbatim=\toks22
\verbatim@line=\toks23
\verbatim@in@stream=\read3
)
(/opt/texlive/texdir/texmf-dist/tex/latex/fancyhdr/fancyhdr.sty
Package: fancyhdr 2022/05/18 v4.0.3 Extensive control of page headers and foote
rs
\f@nch@headwidth=\skip51
\f@nch@O@elh=\skip52
\f@nch@O@erh=\skip53
\f@nch@O@olh=\skip54
\f@nch@O@orh=\skip55
\f@nch@O@elf=\skip56
\f@nch@O@erf=\skip57
\f@nch@O@olf=\skip58
\f@nch@O@orf=\skip59
)
(/opt/texlive/texdir/texmf-dist/tex/latex/graphics/graphicx.sty
Package: graphicx 2021/09/16 v1.2d Enhanced LaTeX Graphics (DPC,SPQR)

(/opt/texlive/texdir/texmf-dist/tex/latex/graphics/graphics.sty
Package: graphics 2022/03/10 v1.4e Standard LaTeX Graphics (DPC,SPQR)

(/opt/texlive/texdir/texmf-dist/tex/latex/graphics/trig.sty
Package: trig 2021/08/11 v1.11 sin cos tan (DPC)
)
(/opt/texlive/texdir/texmf-dist/tex/latex/graphics-cfg/graphics.cfg
File: graphics.cfg 2016/06/04 v1.11 sample graphics configuration
)
Package graphics Info: Driver file: pdftex.def on input line 107.

(/opt/texlive/texdir/texmf-dist/tex/latex/graphics-def/pdftex.def
File: pdftex.def 2022/09/22 v1.2b Graphics/color driver for pdftex
\stockwidth=\dimen146
\stockheight=\dimen147
))
\Gin@req@height=\dimen148
\Gin@req@width=\dimen149
)
(/opt/texlive/texdir/texmf-dist/tex/latex/tools/afterpage.sty
Package: afterpage 2014/10/28 v1.08 After-Page Package (DPC)
\AP@output=\toks24
\AP@partial=\box55
\AP@footins=\box56
)
(/opt/texlive/texdir/texmf-dist/tex/latex/tools/longtable.sty
Package: longtable 2021-09-01 v4.17 Multi-page Table package (DPC)
\LTleft=\skip60
\LTright=\skip61
\LTpre=\skip62
\LTpost=\skip63
\LTchunksize=\count271
\LTcapwidth=\dimen150
\LT@head=\box57
\LT@firsthead=\box58
\LT@foot=\box59
\LT@lastfoot=\box60
\LT@gbox=\box61
\LT@cols=\count272
\LT@rows=\count273
\c@LT@tables=\count274
\c@LT@chunks=\count275
\LT@p@ftn=\toks25
)
(/opt/texlive/texdir/texmf-dist/tex/latex/hyperref/hyperref.sty
Package: hyperref 2022-09-22 v7.00t Hypertext links for LaTeX

(/opt/texlive/texdir/texmf-dist/tex/generic/ltxcmds/ltxcmds.sty
Package: ltxcmds 2020-05-10 v1.25 LaTeX kernel commands for general use (HO)
)
(/opt/texlive/texdir/texmf-dist/tex/generic/iftex/iftex.sty
Package: iftex 2022/02/03 v1.0f TeX engine tests
)
(/opt/texlive/texdir/texmf-dist/tex/generic/pdftexcmds/pdftexcmds.sty
Package: pdftexcmds 2020-06-27 v0.33 Utility functions of pdfTeX for LuaTeX (HO
)

(/opt/texlive/texdir/texmf-dist/tex/generic/infwarerr/infwarerr.sty
Package: infwarerr 2019/12/03 v1.5 Providing info/warning/error messages (HO)
)
Package pdftexcmds Info: \pdf@primitive is available.
Package pdftexcmds Info: \pdf@ifprimitive is available.
Package pdftexcmds Info: \pdfdraftmode found.
)
(/opt/texlive/texdir/texmf-dist/tex/generic/kvsetkeys/kvsetkeys.sty
Package: kvsetkeys 2019/12/15 v1.18 Key value parser (HO)
)
(/opt/texlive/texdir/texmf-dist/tex/generic/kvdefinekeys/kvdefinekeys.sty
Package: kvdefinekeys 2019-12-19 v1.6 Define keys (HO)
)
(/opt/texlive/texdir/texmf-dist/tex/generic/pdfescape/pdfescape.sty
Package: pdfescape 2019/12/09 v1.15 Implements pdfTeX's escape features (HO)
)
(/opt/texlive/texdir/texmf-dist/tex/latex/hycolor/hycolor.sty
Package: hycolor 2020-01-27 v1.10 Color options for hyperref/bookmark (HO)
)
(/opt/texlive/texdir/texmf-dist/tex/latex/letltxmacro/letltxmacro.sty
Package: letltxmacro 2019/12/03 v1.6 Let assignment for LaTeX macros (HO)
)
(/opt/texlive/texdir/texmf-dist/tex/latex/auxhook/auxhook.sty
Package: auxhook 2019-12-17 v1.6 Hooks for auxiliary files (HO)
)
(/opt/texlive/texdir/texmf-dist/tex/latex/hyperref/nameref.sty
Package: nameref 2022-05-17 v2.50 Cross-referencing by name of section

(/opt/texlive/texdir/texmf-dist/tex/latex/refcount/refcount.sty
Package: refcount 2019/12/15 v3.6 Data extraction from label references (HO)
)
(/opt/texlive/texdir/texmf-dist/tex/generic/gettitlestring/gettitlestring.sty
Package: gettitlestring 2019/12/15 v1.6 Cleanup title references (HO)

(/opt/texlive/texdir/texmf-dist/tex/latex/kvoptions/kvoptions.sty
Package: kvoptions 2022-06-15 v3.15 Key value format for package options (HO)
))
\c@section@level=\count276
)
\@linkdim=\dimen151
\Hy@linkcounter=\count277
\Hy@pagecounter=\count278

(/opt/texlive/texdir/texmf-dist/tex/latex/hyperref/pd1enc.def
File: pd1enc.def 2022-09-22 v7.00t Hyperref: PDFDocEncoding definition (HO)
Now handling font encoding PD1 ...
... no UTF-8 mapping file for font encoding PD1
)
(/opt/texlive/texdir/texmf-dist/tex/generic/intcalc/intcalc.sty
Package: intcalc 2019/12/15 v1.3 Expandable calculations with integers (HO)
)
(/opt/texlive/texdir/texmf-dist/tex/generic/etexcmds/etexcmds.sty
Package: etexcmds 2019/12/15 v1.7 Avoid name clashes with e-TeX commands (HO)
)
\Hy@SavedSpaceFactor=\count279

(/opt/texlive/texdir/texmf-dist/tex/latex/hyperref/puenc.def
File: puenc.def 2022-09-22 v7.00t Hyperref: PDF Unicode definition (HO)
Now handling font encoding PU ...
... no UTF-8 mapping file for font encoding PU
)

Package hyperref Warning: Invalid value `000'
(hyperref)                for option `pdfborder'.
(hyperref)                Option setting is ignored on input line 4045.

Package hyperref Info: Hyper figures OFF on input line 4162.
Package hyperref Info: Link nesting OFF on input line 4167.
Package hyperref Info: Hyper index ON on input line 4170.
Package hyperref Info: Plain pages OFF on input line 4177.
Package hyperref Info: Backreferencing OFF on input line 4182.
Package hyperref Info: Implicit mode ON; LaTeX internals redefined.
Package hyperref Info: Bookmarks ON on input line 4410.
\c@Hy@tempcnt=\count280
(/opt/texlive/texdir/texmf-dist/tex/latex/url/url.sty
\Urlmuskip=\muskip16
Package: url 2013/09/16  ver 3.4  Verb mode for urls, etc.
)
LaTeX Info: Redefining \url on input line 4748.
\XeTeXLinkMargin=\dimen152

(/opt/texlive/texdir/texmf-dist/tex/generic/bitset/bitset.sty
Package: bitset 2019/12/09 v1.3 Handle bit-vector datatype (HO)

(/opt/texlive/texdir/texmf-dist/tex/generic/bigintcalc/bigintcalc.sty
Package: bigintcalc 2019/12/15 v1.5 Expandable calculations on big integers (HO
)
))
\Fld@menulength=\count281
\Field@Width=\dimen153
\Fld@charsize=\dimen154
Package hyperref Info: Hyper figures OFF on input line 6027.
Package hyperref Info: Link nesting OFF on input line 6032.
Package hyperref Info: Hyper index ON on input line 6035.
Package hyperref Info: backreferencing OFF on input line 6042.
Package hyperref Info: Link coloring OFF on input line 6047.
Package hyperref Info: Link coloring with OCG OFF on input line 6052.
Package hyperref Info: PDF/A mode OFF on input line 6057.

(/opt/texlive/texdir/texmf-dist/tex/latex/base/atbegshi-ltx.sty
Package: atbegshi-ltx 2021/01/10 v1.0c Emulation of the original atbegshi
package with kernel methods
)
\Hy@abspage=\count282
\c@Item=\count283
\c@Hfootnote=\count284
)
Package hyperref Info: Driver (autodetected): hpdftex.

(/opt/texlive/texdir/texmf-dist/tex/latex/hyperref/hpdftex.def
File: hpdftex.def 2022-09-22 v7.00t Hyperref driver for pdfTeX

(/opt/texlive/texdir/texmf-dist/tex/latex/base/atveryend-ltx.sty
Package: atveryend-ltx 2020/08/19 v1.0a Emulation of the original atveryend pac
kage
with kernel methods
)
\Fld@listcount=\count285
\c@bookmark@seq@number=\count286

(/opt/texlive/texdir/texmf-dist/tex/latex/rerunfilecheck/rerunfilecheck.sty
Package: rerunfilecheck 2022-07-10 v1.10 Rerun checks for auxiliary files (HO)

(/opt/texlive/texdir/texmf-dist/tex/generic/uniquecounter/uniquecounter.sty
Package: uniquecounter 2019/12/15 v1.4 Provide unlimited unique counter (HO)
)
Package uniquecounter Info: New unique counter `rerunfilecheck' on input line 2
85.
)
\Hy@SectionHShift=\skip64
)
(/opt/texlive/texdir/texmf-dist/tex/latex/tools/tabularx.sty
Package: tabularx 2020/01/15 v2.11c `tabularx' package (DPC)
\TX@col@width=\dimen155
\TX@old@table=\dimen156
\TX@old@col=\dimen157
\TX@target=\dimen158
\TX@delta=\dimen159
\TX@cols=\count287
\TX@ftn=\toks26
)
(/opt/texlive/texdir/texmf-dist/tex/latex/tools/xspace.sty
Package: xspace 2014/10/28 v1.13 Space after command names (DPC,MH)
)

Package hyperref Warning: Token not allowed in a PDF string (Unicode):
(hyperref)                removing `subscript' on input line 58.


Package hyperref Warning: Token not allowed in a PDF string (Unicode):
(hyperref)                removing `subscript' on input line 58.


Package hyperref Warning: Token not allowed in a PDF string (Unicode):
(hyperref)                removing `subscript' on input line 58.

(/opt/texlive/texdir/texmf-dist/tex/latex/makecell/makecell.sty
Package: makecell 2009/08/03 V0.1e Managing of Tab Column Heads and Cells
\rotheadsize=\dimen160
\c@nlinenum=\count288
\TeXr@lab=\toks27
)
(/opt/texlive/texdir/texmf-dist/tex/latex/colortbl/colortbl.sty
Package: colortbl 2022/06/20 v1.0f Color table columns (DPC)

(/opt/texlive/texdir/texmf-dist/tex/latex/graphics/color.sty
Package: color 2022/01/06 v1.3d Standard LaTeX Color (DPC)

(/opt/texlive/texdir/texmf-dist/tex/latex/graphics-cfg/color.cfg
File: color.cfg 2016/01/02 v1.6 sample color configuration
)
Package color Info: Driver file: pdftex.def on input line 149.

(/opt/texlive/texdir/texmf-dist/tex/latex/graphics/mathcolor.ltx))
\everycr=\toks28
\minrowclearance=\skip65
\rownum=\count289
)
(/opt/texlive/texdir/texmf-dist/tex/latex/footmisc/footmisc.sty
Package: footmisc 2022/03/08 v6.0d a miscellany of footnote facilities
\FN@temptoken=\toks29
\footnotemargin=\dimen161
\@outputbox@depth=\dimen162
Package footmisc Info: Declaring symbol style bringhurst on input line 695.
Package footmisc Info: Declaring symbol style chicago on input line 703.
Package footmisc Info: Declaring symbol style wiley on input line 712.
Package footmisc Info: Declaring symbol style lamport-robust on input line 723.

Package footmisc Info: Declaring symbol style lamport* on input line 743.
Package footmisc Info: Declaring symbol style lamport*-robust on input line 764
.
)
\c@teorema=\count290
\c@ejemplo=\count291
\c@definicion=\count292

(/opt/texlive/texdir/texmf-dist/tex/latex/pdfpages/pdfpages.sty
Package: pdfpages 2022/05/22 v0.5v Insert pages of external PDF documents (AM)

(/opt/texlive/texdir/texmf-dist/tex/latex/base/ifthen.sty
Package: ifthen 2022/04/13 v1.1d Standard LaTeX ifthen package (DPC)
)
(/opt/texlive/texdir/texmf-dist/tex/latex/tools/calc.sty
Package: calc 2017/05/25 v4.3 Infix arithmetic (KKT,FJ)
\calc@Acount=\count293
\calc@Bcount=\count294
\calc@Adimen=\dimen163
\calc@Bdimen=\dimen164
\calc@Askip=\skip66
\calc@Bskip=\skip67
LaTeX Info: Redefining \setlength on input line 80.
LaTeX Info: Redefining \addtolength on input line 81.
\calc@Ccount=\count295
\calc@Cskip=\skip68
)
(/opt/texlive/texdir/texmf-dist/tex/latex/eso-pic/eso-pic.sty
Package: eso-pic 2020/10/14 v3.0a eso-pic (RN)
\ESO@tempdima=\dimen165
\ESO@tempdimb=\dimen166
)
\AM@pagewidth=\dimen167
\AM@pageheight=\dimen168
\AM@fboxrule=\dimen169

(/opt/texlive/texdir/texmf-dist/tex/latex/pdfpages/pppdftex.def
File: pppdftex.def 2022/05/22 v0.5v Pdfpages driver for pdfTeX (AM)
)
\pdfpages@includegraphics@status=\count296
\AM@pagebox=\box62
\AM@global@opts=\toks30
\AM@pagecnt=\count297
\AM@toc@title=\toks31
\c@AM@survey=\count298
\AM@templatesizebox=\box63
)
(/opt/texlive/texdir/texmf-dist/tex/latex/l3backend/l3backend-pdftex.def
File: l3backend-pdftex.def 2022-09-28 L3 backend support: PDF output (pdfTeX)
\l__color_backend_stack_int=\count299
\l__pdf_internal_box=\box64
)
(./proyecto.aux
LaTeX Info: Redefining \. on input line 22.
LaTeX Info: Redefining \% on input line 22.
)
\openout1 = `proyecto.aux'.

LaTeX Font Info:    Checking defaults for OML/cmm/m/it on input line 175.
LaTeX Font Info:    ... okay on input line 175.
LaTeX Font Info:    Checking defaults for OMS/cmsy/m/n on input line 175.
LaTeX Font Info:    ... okay on input line 175.
LaTeX Font Info:    Checking defaults for OT1/cmr/m/n on input line 175.
LaTeX Font Info:    ... okay on input line 175.
LaTeX Font Info:    Checking defaults for T1/cmr/m/n on input line 175.
LaTeX Font Info:    ... okay on input line 175.
LaTeX Font Info:    Checking defaults for TS1/cmr/m/n on input line 175.
LaTeX Font Info:    ... okay on input line 175.
LaTeX Font Info:    Checking defaults for OMX/cmex/m/n on input line 175.
LaTeX Font Info:    ... okay on input line 175.
LaTeX Font Info:    Checking defaults for U/cmr/m/n on input line 175.
LaTeX Font Info:    ... okay on input line 175.
LaTeX Font Info:    Checking defaults for PD1/pdf/m/n on input line 175.
LaTeX Font Info:    ... okay on input line 175.
LaTeX Font Info:    Checking defaults for PU/pdf/m/n on input line 175.
LaTeX Font Info:    ... okay on input line 175.
\c@lstlisting=\count300
LaTeX Info: Redefining \. on input line 175.
LaTeX Info: Redefining \% on input line 175.

(/opt/texlive/texdir/texmf-dist/tex/context/base/mkii/supp-pdf.mkii
[Loading MPS to PDF converter (version 2006.09.02).]
\scratchcounter=\count301
\scratchdimen=\dimen170
\scratchbox=\box65
\nofMPsegments=\count302
\nofMParguments=\count303
\everyMPshowfont=\toks32
\MPscratchCnt=\count304
\MPscratchDim=\dimen171
\MPnumerator=\count305
\makeMPintoPDFobject=\count306
\everyMPtoPDFconversion=\toks33
) (/opt/texlive/texdir/texmf-dist/tex/latex/epstopdf-pkg/epstopdf-base.sty
Package: epstopdf-base 2020-01-24 v2.11 Base part for package epstopdf
Package epstopdf-base Info: Redefining graphics rule for `.eps' on input line 4
85.

(/opt/texlive/texdir/texmf-dist/tex/latex/latexconfig/epstopdf-sys.cfg
File: epstopdf-sys.cfg 2010/07/13 v1.3 Configuration of (r)epstopdf for TeX Liv
e
))
Package hyperref Info: Link coloring OFF on input line 175.

(./proyecto.out) (./proyecto.out)
\@outlinefile=\write3
\openout3 = `proyecto.out'.


(/opt/texlive/texdir/texmf-dist/tex/latex/pdflscape/pdflscape.sty
Package: pdflscape 2019/12/05 v0.12 Display of landscape pages in PDF (HO)

(/opt/texlive/texdir/texmf-dist/tex/latex/graphics/lscape.sty
Package: lscape 2020/05/28 v3.02 Landscape Pages (DPC)
)
Package pdflscape Info: Auto-detected driver: pdftex on input line 81.
)
(./portada/portada.tex
\centeroffset=\skip69
<imagenes/logo_ugr.pdf, id=257, 886.99379pt x 302.26427pt>
File: imagenes/logo_ugr.pdf Graphic file (type pdf)
<use imagenes/logo_ugr.pdf>
Package pdftex.def Info: imagenes/logo_ugr.pdf  used on input line 12.
(pdftex.def)             Requested size: 360.0pt x 122.67924pt.
LaTeX Font Info:    External font `cmex10' loaded for size
(Font)              <10.95> on input line 23.
LaTeX Font Info:    External font `cmex10' loaded for size
(Font)              <8> on input line 23.
LaTeX Font Info:    External font `cmex10' loaded for size
(Font)              <6> on input line 23.

Overfull \hbox (24.0pt too wide) in paragraph at lines 9--24
| $[]$ 
 []

<imagenes/etsiit_logo.png, id=258, 110.814pt x 40.4712pt>
File: imagenes/etsiit_logo.png Graphic file (type png)
<use imagenes/etsiit_logo.png>
Package pdftex.def Info: imagenes/etsiit_logo.png  used on input line 32.
(pdftex.def)             Requested size: 108.0011pt x 39.44412pt.

Overfull \hbox (24.0pt too wide) in paragraph at lines 26--39
| $[]$ 
 []

[1


{/opt/texlive/texdir/texmf-var/fonts/map/pdftex/updmap/pdftex.map} <./imagenes/
logo_ugr.pdf> <./imagenes/etsiit_logo.png>]) (./prefacios/prefacio.tex
[2

] (./portada/portada_2.tex [3] [4

]
<imagenes/logo.png, id=288, 123.46124pt x 45.92157pt>
File: imagenes/logo.png Graphic file (type png)
<use imagenes/logo.png>
Package pdftex.def Info: imagenes/logo.png  used on input line 21.
(pdftex.def)             Requested size: 123.46092pt x 45.92145pt.

Overfull \hbox (24.0pt too wide) in paragraph at lines 8--31
| $[]$ 
 []


Overfull \hbox (24.0pt too wide) in paragraph at lines 33--46
| $[]$
 []


pdfTeX warning (ext4): destination with the same identifier (name{page.1}) has 
been already used, duplicate ignored
<to be read again> 
                   \relax 
l.48 \end{titlepage}
                     [1 <./imagenes/logo.png>])
pdfTeX warning (ext4): destination with the same identifier (name{page.2}) has 
been already used, duplicate ignored
<to be read again> 
                   \relax 
l.11 \cleardoublepage
                      [2

]
Underfull \hbox (badness 10000) in paragraph at lines 22--23

 []


Underfull \hbox (badness 10000) in paragraph at lines 25--26

 []


pdfTeX warning (ext4): destination with the same identifier (name{page.3}) has 
been already used, duplicate ignored
<to be read again> 
                   \relax 
l.35 \cleardoublepage
                      [3]
pdfTeX warning (ext4): destination with the same identifier (name{page.4}) has 
been already used, duplicate ignored
<to be read again> 
                   \relax 
l.35 \cleardoublepage
                      [4

]
Underfull \hbox (badness 10000) in paragraph at lines 49--50

 []


Underfull \hbox (badness 10000) in paragraph at lines 52--53

 []

[5] [6

]
Underfull \hbox (badness 10000) in paragraph at lines 59--60

 []

[7] [8

]
Underfull \hbox (badness 10000) in paragraph at lines 80--81

 []

[9] [10

]) [11] [12

] (./proyecto.toc
LaTeX Info: Redefining \. on input line 1.
LaTeX Info: Redefining \% on input line 1.
 [13])
\tf@toc=\write4
\openout4 = `proyecto.toc'.

LaTeX Info: Redefining \. on input line 180.
LaTeX Info: Redefining \% on input line 180.
 [14] (./proyecto.lof
LaTeX Info: Redefining \. on input line 1.
LaTeX Info: Redefining \% on input line 1.
)
\tf@lof=\write5
\openout5 = `proyecto.lof'.

 [15

] [16

]
(./proyecto.lot
LaTeX Info: Redefining \. on input line 1.
LaTeX Info: Redefining \% on input line 1.
)
\tf@lot=\write6
\openout6 = `proyecto.lot'.

 (./capitulos/01_Introduccion.tex [17] [18

]
Cap\'{\i }tulo 1.
[19]
LaTeX Info: Redefining \. on input line 45.
LaTeX Info: Redefining \% on input line 45.
 [20]) (./capitulos/02_EstadoDelArte.tex
LaTeX Info: Redefining \. on input line 1.
LaTeX Info: Redefining \% on input line 1.
 [21] [22

]
Cap\'{\i }tulo 2.
[23]
LaTeX Info: Redefining \. on input line 45.
LaTeX Info: Redefining \% on input line 45.
 [24]
<imagenes/capturas_glissandoo/IMG_0928.jpeg, id=487, 1288.815pt x 2788.4175pt>
File: imagenes/capturas_glissandoo/IMG_0928.jpeg Graphic file (type jpg)
<use imagenes/capturas_glissandoo/IMG_0928.jpeg>
Package pdftex.def Info: imagenes/capturas_glissandoo/IMG_0928.jpeg  used on in
put line 78.
(pdftex.def)             Requested size: 115.20264pt x 249.24484pt.
<imagenes/capturas_glissandoo/IMG_0929.jpeg, id=488, 1288.815pt x 2788.4175pt>
File: imagenes/capturas_glissandoo/IMG_0929.jpeg Graphic file (type jpg)
<use imagenes/capturas_glissandoo/IMG_0929.jpeg>
Package pdftex.def Info: imagenes/capturas_glissandoo/IMG_0929.jpeg  used on in
put line 81.
(pdftex.def)             Requested size: 115.20264pt x 249.24484pt.
<imagenes/capturas_glissandoo/IMG_0930.jpeg, id=489, 1288.815pt x 2788.4175pt>
File: imagenes/capturas_glissandoo/IMG_0930.jpeg Graphic file (type jpg)
<use imagenes/capturas_glissandoo/IMG_0930.jpeg>
Package pdftex.def Info: imagenes/capturas_glissandoo/IMG_0930.jpeg  used on in
put line 84.
(pdftex.def)             Requested size: 115.20264pt x 249.24484pt.


LaTeX Warning: `h' float specifier changed to `ht'.

LaTeX Info: Redefining \. on input line 97.
LaTeX Info: Redefining \% on input line 97.
[25]
LaTeX Info: Redefining \. on input line 112.
LaTeX Info: Redefining \% on input line 112.
 [26 <./imagenes/capturas_glissandoo/IMG_0928.jpeg> <./imagenes/capturas_glissa
ndoo/IMG_0929.jpeg> <./imagenes/capturas_glissandoo/IMG_0930.jpeg>])
(./capitulos/03_Mordente.tex
LaTeX Info: Redefining \. on input line 1.
LaTeX Info: Redefining \% on input line 1.
 [27] [28

]
Cap\'{\i }tulo 3.
[29]
LaTeX Info: Redefining \. on input line 47.
LaTeX Info: Redefining \% on input line 47.
 [30]
<imagenes/personas/persona_eugenio.png, id=536, 1927.2pt x 1431.3475pt>
File: imagenes/personas/persona_eugenio.png Graphic file (type png)
<use imagenes/personas/persona_eugenio.png>
Package pdftex.def Info: imagenes/personas/persona_eugenio.png  used on input l
ine 50.
(pdftex.def)             Requested size: 288.0011pt x 213.88475pt.
<imagenes/personas/persona_clara.png, id=537, 1927.2pt x 1431.3475pt>
File: imagenes/personas/persona_clara.png Graphic file (type png)
<use imagenes/personas/persona_clara.png>
Package pdftex.def Info: imagenes/personas/persona_clara.png  used on input lin
e 57.
(pdftex.def)             Requested size: 288.0011pt x 213.88475pt.


LaTeX Warning: `h' float specifier changed to `ht'.

<imagenes/personas/persona_david.png, id=542, 1927.2pt x 1431.3475pt>
File: imagenes/personas/persona_david.png Graphic file (type png)
<use imagenes/personas/persona_david.png>
Package pdftex.def Info: imagenes/personas/persona_david.png  used on input lin
e 73.
(pdftex.def)             Requested size: 288.0011pt x 213.88475pt.

LaTeX Warning: `h' float specifier changed to `ht'.

<imagenes/personas/persona_inma.png, id=543, 1927.2pt x 1431.3475pt>
File: imagenes/personas/persona_inma.png Graphic file (type png)
<use imagenes/personas/persona_inma.png>
Package pdftex.def Info: imagenes/personas/persona_inma.png  used on input line
 80.
(pdftex.def)             Requested size: 288.0011pt x 213.88475pt.

LaTeX Warning: `h' float specifier changed to `ht'.


Underfull \vbox (badness 10000) has occurred while \output is active []

LaTeX Info: Redefining \. on input line 88.
LaTeX Info: Redefining \% on input line 88.
 [31 <./imagenes/personas/persona_eugenio.png>]
LaTeX Info: Redefining \. on input line 106.
LaTeX Info: Redefining \% on input line 106.
 [32 <./imagenes/personas/persona_clara.png>]
LaTeX Info: Redefining \. on input line 128.
LaTeX Info: Redefining \% on input line 128.
 [33 <./imagenes/personas/persona_david.png>]
LaTeX Info: Redefining \. on input line 141.
LaTeX Info: Redefining \% on input line 141.
 [34 <./imagenes/personas/persona_inma.png>]
LaTeX Info: Redefining \. on input line 185.
LaTeX Info: Redefining \% on input line 185.
 [35]
LaTeX Info: Redefining \. on input line 215.
LaTeX Info: Redefining \% on input line 215.
 [36]
LaTeX Info: Redefining \. on input line 238.
LaTeX Info: Redefining \% on input line 238.
 [37]

LaTeX Warning: No positions in optional float specifier.
               Default added (so using `tbp') on input line 239.

) (./capitulos/04_DisenyoInterfazUsuario.tex
LaTeX Info: Redefining \. on input line 1.
LaTeX Info: Redefining \% on input line 1.
 [38]
Cap\'{\i }tulo 4.
LaTeX Font Info:    External font `cmex10' loaded for size
(Font)              <9> on input line 3.
LaTeX Font Info:    External font `cmex10' loaded for size
(Font)              <5> on input line 3.
[39

]

Package hyperref Warning: Difference (2) between bookmark levels is greater 
(hyperref)                than one, level fixed on input line 21.

[40]) (./capitulos/05_DisenyoTecnico.tex
LaTeX Info: Redefining \. on input line 1.
LaTeX Info: Redefining \% on input line 1.
 [41] [42

]
Cap\'{\i }tulo 5.

Overfull \hbox (10.16127pt too wide) in paragraph at lines 7--7
[]\OT1/cmr/bx/n/14.4 Metodolog^^S^^Pas y tec-no-log^^S^^Pas de ba-se que podr^^
S^^Pan
 []

[43]
Underfull \hbox (badness 10000) in paragraph at lines 37--37
[]|\OT1/cmr/m/n/10.95 Compilado
 []


Underfull \hbox (badness 10000) in paragraph at lines 37--37
\OT1/cmr/m/n/10.95 en tiem-
 []


Underfull \hbox (badness 10000) in paragraph at lines 37--37
\OT1/cmr/m/n/10.95 po de
 []


Underfull \hbox (badness 10000) in paragraph at lines 37--37
[]|\OT1/cmr/m/n/10.95 Compilado
 []


Underfull \hbox (badness 10000) in paragraph at lines 37--37
\OT1/cmr/m/n/10.95 a Ja-vaS-
 []


Overfull \hbox (3.84695pt too wide) in paragraph at lines 37--37
[]|\OT1/cmr/m/n/10.95 Interpretado| 
 []


Overfull \hbox (3.84695pt too wide) in paragraph at lines 37--37
[]|\OT1/cmr/m/n/10.95 Interpretado| 
 []

LaTeX Info: Redefining \. on input line 51.
LaTeX Info: Redefining \% on input line 51.
[44]
Overfull \hbox (69.4969pt too wide) in paragraph at lines 52--53
[]\OT1/cmr/bx/n/10.95 node-telegram-bot-api \OT1/cmr/m/n/10.95 ([]$\OT1/cmtt/m/
n/10.95 https : / / github . com / yagop / node-[]telegram-[]bot-[]api$[]\OT1/c
mr/m/n/10.95 ):
 []


Underfull \hbox (badness 10000) in paragraph at lines 72--72
[]|\OT1/cmr/m/n/10.95 node-
 []


Underfull \hbox (badness 10000) in paragraph at lines 72--72
\OT1/cmr/m/n/10.95 telegram-
 []


Underfull \hbox (badness 10000) in paragraph at lines 72--72
[]|\OT1/cmr/m/n/10.95 python-
 []


Underfull \hbox (badness 10000) in paragraph at lines 72--72
\OT1/cmr/m/n/10.95 telegram-
 []


Overfull \hbox (13.80083pt too wide) in paragraph at lines 72--72
[]|\OT1/cmr/m/n/10.95 Autogenerada,
 []


Underfull \hbox (badness 10000) in paragraph at lines 72--72
[]|\OT1/cmr/m/n/10.95 Completa,
 []


Underfull \hbox (badness 10000) in paragraph at lines 72--72
\OT1/cmr/m/n/10.95 nu-me-ro-sos
 []


Overfull \hbox (13.80083pt too wide) in paragraph at lines 72--72
[]|\OT1/cmr/m/n/10.95 Autogenerada,
 []

LaTeX Info: Redefining \. on input line 84.
LaTeX Info: Redefining \% on input line 84.
[45]
Overfull \hbox (4.70764pt too wide) in paragraph at lines 91--92
[]\OT1/cmr/m/n/10.95 MySQL ([]$\OT1/cmtt/m/n/10.95 https : / / www . mysql . co
m/$[]\OT1/cmr/m/n/10.95 ): es un SGDB de c^^Sodi-go abier-
 []


Overfull \hbox (0.38858pt too wide) in paragraph at lines 92--93
[]\OT1/cmr/m/n/10.95 MariaDB ([]$\OT1/cmtt/m/n/10.95 https : / / mariadb . org/
$[]\OT1/cmr/m/n/10.95 ): es un SGDB de c^^Sodi-go abier-
 []


Overfull \hbox (4.663pt too wide) in paragraph at lines 97--98
[]\OT1/cmr/m/n/10.95 Firestore ([]$\OT1/cmtt/m/n/10.95 https : / / firebase . g
oogle . com / docs / firestore$[]\OT1/cmr/m/n/10.95 ): in-
 []

LaTeX Info: Redefining \. on input line 145.
LaTeX Info: Redefining \% on input line 145.
[46]) (./capitulos/06_Implementacion.tex
LaTeX Info: Redefining \. on input line 1.
LaTeX Info: Redefining \% on input line 1.
 [47] [48

]
Cap\'{\i }tulo 6.
[49]) (./capitulos/07_Pruebas.tex
LaTeX Info: Redefining \. on input line 1.
LaTeX Info: Redefining \% on input line 1.
 [50]
Cap\'{\i }tulo 7.
) (./capitulos/08_Conclusiones.tex [51

] [52

]
Cap\'{\i }tulo 8.
) (./proyecto.bbl [53] [54

]
Underfull \hbox (badness 10000) in paragraph at lines 9--12
\OT1/cmr/m/n/10.95 2022.'' []$\OT1/cmtt/m/n/10.95 https : / / ec . europa . eu 
/ newsroom / dae / redirection /
 []


Underfull \hbox (badness 10000) in paragraph at lines 20--23
[]\OT1/cmr/m/n/10.95 UGT - Ser-vi-cio de es-tu-dios, ``Di-gi-ta-li-za-ci^^Son d
e la em-
 []


Underfull \hbox (badness 10000) in paragraph at lines 20--23
\OT1/cmr/m/n/10.95 pre-sa es-pa~nola.'' []$\OT1/cmtt/m/n/10.95 https : / / serv
icioestudiosugt . com /
 []


Underfull \hbox (badness 7832) in paragraph at lines 20--23
\OT1/cmtt/m/n/10.95 digitalizacion-[]de-[]la-[]empresa-[]espanola-[]3-[]edicion
/$[]\OT1/cmr/m/n/10.95 .  [On-li-
 []


Underfull \hbox (badness 7256) in paragraph at lines 25--29
[]\OT1/cmr/m/n/10.95 Ministerio de Asun-tos Econ^^Somi-cos y Trans-for-ma-ci^^S
on Di-gi-tal,
 []


Underfull \hbox (badness 6348) in paragraph at lines 25--29
\OT1/cmr/m/n/10.95 ``Es-pa~na Di-gi-tal 2026.'' []$\OT1/cmtt/m/n/10.95 https : 
/ / espanadigital . gob . es / sites /
 []


Underfull \hbox (badness 10000) in paragraph at lines 25--29
\OT1/cmtt/m/n/10.95 espanadigital / files / 2022-[]07 / Espa % C3 % B1a _ Digit
al _ 2026 . pdf$[]\OT1/cmr/m/n/10.95 .
 []


Underfull \hbox (badness 6141) in paragraph at lines 31--36
\OT1/cmr/m/n/10.95 pro-cess (ucd).'' []$\OT1/cmtt/m/n/10.95 https : / / web . a
rchive . org / web / 20220901034811 /
 []


Underfull \hbox (badness 1701) in paragraph at lines 53--57
[]\OT1/cmr/m/n/10.95 N. Tur-ner, ``Get-ting the most out of per-so-nas.'' []$\O
T1/cmtt/m/n/10.95 https : / / web .
 []


Underfull \hbox (badness 10000) in paragraph at lines 53--57
\OT1/cmtt/m/n/10.95 archive . org / web / 20220722145021 / https : / / www . ux
forthemasses .
 []

[55]
Underfull \hbox (badness 10000) in paragraph at lines 59--64
[]\OT1/cmr/m/n/10.95 R. F. Dam and T. Y. Siang, ``Test your pro-toty-
 []


Underfull \hbox (badness 10000) in paragraph at lines 59--64
\OT1/cmr/m/n/10.95 pes: How to gather feed-back and ma-xi-mi-se lear-ning.''
 []


Underfull \hbox (badness 10000) in paragraph at lines 59--64
[]$\OT1/cmtt/m/n/10.95 https : / / web . archive . org / web / 20220124203828 /
 https :
 []


Underfull \hbox (badness 10000) in paragraph at lines 59--64
\OT1/cmtt/m/n/10.95 / / www . interaction-[]design . org / literature / article
 /
 []


Overfull \hbox (43.71474pt too wide) in paragraph at lines 59--64
\OT1/cmtt/m/n/10.95 test-[]your-[]prototypes-[]how-[]to-[]gather-[]feedback-[]a
nd-[]maximise-[]learning$[]\OT1/cmr/m/n/10.95 ,
 []


Underfull \hbox (badness 10000) in paragraph at lines 66--70
\OT1/cmtt/m/n/10.95 web . archive . org / web / 20220914143342 / https : / / ww
w . techopedia .
 []


Underfull \hbox (badness 10000) in paragraph at lines 78--82
[]\OT1/cmr/m/n/10.95 Telegram, ``No-ti-fi-ca-tion Sounds, Bot Re-vo-lu-tion and
 Mo-
 []


Underfull \hbox (badness 10000) in paragraph at lines 78--82
\OT1/cmr/m/n/10.95 re.'' []$\OT1/cmtt/m/n/10.95 https : / / web . archive . org
 / web / 20220905222430 / https :
 []


Underfull \hbox (badness 6110) in paragraph at lines 84--88
[]\OT1/cmr/m/n/10.95 Wikipedia, ``Ja-vaS-cript --- Wi-ki-pe-dia, the free ency-
clo-pe-dia.''
 []


Underfull \hbox (badness 10000) in paragraph at lines 84--88
[]$\OT1/cmtt/m/n/10.95 http : / / en . wikipedia . org / w / index . php ? titl
e = JavaScript &
 []


Underfull \hbox (badness 7814) in paragraph at lines 90--95
\OT1/cmr/m/n/10.95 lan-gua-ge on web-si-tes.'' []$\OT1/cmtt/m/n/10.95 https : /
 / wayback . archive-[]it . org / all /
 []


Underfull \hbox (badness 10000) in paragraph at lines 90--95
\OT1/cmtt/m/n/10.95 20220213043439 / https : / / w3techs . com / technologies /
 details /
 []


Underfull \hbox (badness 5533) in paragraph at lines 103--107
\OT1/cmr/m/n/10.95 do-cu-men-ta-tion.'' []$\OT1/cmtt/m/n/10.95 https : / / web 
. archive . org / web / 20220722225638 /
 []


Underfull \hbox (badness 5203) in paragraph at lines 115--119
[]\OT1/cmr/m/n/10.95 OSI Board of Di-rec-tors, ``The sspl is not an open sour-c
e
 []

LaTeX Info: Redefining \. on input line 119.
LaTeX Info: Redefining \% on input line 119.
[56]
Underfull \hbox (badness 10000) in paragraph at lines 121--125
\OT1/cmtt/m/n/10.95 en . wikipedia . org / w / index . php ? title = Python & o
ldid = 1111676421$[]\OT1/cmr/m/n/10.95 ,
 []

)
LaTeX Info: Redefining \. on input line 213.
LaTeX Info: Redefining \% on input line 213.
 [57] [58

] [59] (./proyecto.aux
LaTeX Info: Redefining \. on input line 22.
LaTeX Info: Redefining \% on input line 22.
)
Package rerunfilecheck Info: File `proyecto.out' has not changed.
(rerunfilecheck)             Checksum: 7113052C84C4E0C5E5F45A7666B0A180;10967.
 ) 
Here is how much of TeX's memory you used:
 13360 strings out of 475071
 214062 string characters out of 5780912
 578777 words of memory out of 5000000
 34294 multiletter control sequences out of 15000+600000
 478324 words of font info for 58 fonts, out of 8000000 for 9000
 1141 hyphenation exceptions out of 8191
 72i,19n,77p,822b,770s stack positions out of 10000i,1000n,20000p,200000b,200000s

pdfTeX warning (dest): name{Hfootnote.7} has been referenced but does not exist
, replaced by a fixed one


pdfTeX warning (dest): name{Hfootnote.4} has been referenced but does not exist
, replaced by a fixed one


pdfTeX warning (dest): name{Hfootnote.3} has been referenced but does not exist
, replaced by a fixed one


pdfTeX warning (dest): name{Hfootnote.2} has been referenced but does not exist
, replaced by a fixed one

{/opt/texlive/texdir/texmf-dist/fonts/enc/dvips/cm-super/cm-super-ts1.enc}</opt
/texlive/texdir/texmf-dist/fonts/type1/public/amsfonts/cm/cmbx10.pfb></opt/texl
ive/texdir/texmf-dist/fonts/type1/public/amsfonts/cm/cmbx12.pfb></opt/texlive/t
exdir/texmf-dist/fonts/type1/public/amsfonts/cm/cmbxti10.pfb></opt/texlive/texd
ir/texmf-dist/fonts/type1/public/amsfonts/cm/cmcsc10.pfb></opt/texlive/texdir/t
exmf-dist/fonts/type1/public/amsfonts/cm/cmr10.pfb></opt/texlive/texdir/texmf-d
ist/fonts/type1/public/amsfonts/cm/cmr6.pfb></opt/texlive/texdir/texmf-dist/fon
ts/type1/public/amsfonts/cm/cmr8.pfb></opt/texlive/texdir/texmf-dist/fonts/type
1/public/amsfonts/cm/cmr9.pfb></opt/texlive/texdir/texmf-dist/fonts/type1/publi
c/amsfonts/cm/cmti10.pfb></opt/texlive/texdir/texmf-dist/fonts/type1/public/ams
fonts/cm/cmti7.pfb></opt/texlive/texdir/texmf-dist/fonts/type1/public/amsfonts/
cm/cmti8.pfb></opt/texlive/texdir/texmf-dist/fonts/type1/public/amsfonts/cm/cmt
t10.pfb></opt/texlive/texdir/texmf-dist/fonts/type1/public/amsfonts/cm/cmtt9.pf
b></opt/texlive/texdir/texmf-dist/fonts/type1/public/cm-super/sfrm1095.pfb>
Output written on proyecto.pdf (63 pages, 4161127 bytes).
PDF statistics:
 948 PDF objects out of 1000 (max. 8388607)
 822 compressed objects within 9 object streams
 225 named destinations out of 1000 (max. 500000)
 555 words of extra memory for PDF output out of 10000 (max. 10000000)

