\BOOKMARK [0][-]{chapter.1}{\376\377\000I\000n\000t\000r\000o\000d\000u\000c\000c\000i\000\363\000n}{}% 1
\BOOKMARK [1][-]{section.1.1}{\376\377\000M\000o\000t\000i\000v\000a\000c\000i\000\363\000n\000\040\000y\000\040\000j\000u\000s\000t\000i\000f\000i\000c\000a\000c\000i\000\363\000n\000\040\000d\000e\000l\000\040\000p\000r\000o\000y\000e\000c\000t\000o}{chapter.1}% 2
\BOOKMARK [1][-]{section.1.2}{\376\377\000O\000b\000j\000e\000t\000i\000v\000o\000s}{chapter.1}% 3
\BOOKMARK [0][-]{chapter.2}{\376\377\000E\000s\000t\000a\000d\000o\000\040\000d\000e\000l\000\040\000a\000r\000t\000e}{}% 4
\BOOKMARK [1][-]{section.2.1}{\376\377\000D\000o\000m\000i\000n\000i\000o\000\040\000d\000e\000l\000\040\000p\000r\000o\000b\000l\000e\000m\000a\000\040\000a\000\040\000r\000e\000s\000o\000l\000v\000e\000r}{chapter.2}% 5
\BOOKMARK [1][-]{section.2.2}{\376\377\000T\000r\000a\000b\000a\000j\000o\000s\000\040\000r\000e\000l\000a\000c\000i\000o\000n\000a\000d\000o\000s}{chapter.2}% 6
\BOOKMARK [1][-]{section.2.3}{\376\377\000A\000p\000l\000i\000c\000a\000c\000i\000o\000n\000e\000s\000\040\000s\000i\000m\000i\000l\000a\000r\000e\000s}{chapter.2}% 7
\BOOKMARK [2][-]{subsection.2.3.1}{\376\377\000G\000l\000i\000s\000s\000a\000n\000d\000o\000o}{section.2.3}% 8
\BOOKMARK [2][-]{subsection.2.3.2}{\376\377\000A\000g\000r\000e\000g\000a\000c\000i\000\363\000n\000\040\000d\000e\000\040\000s\000e\000r\000v\000i\000c\000i\000o\000s\000\040\000n\000o\000\040\000e\000s\000p\000e\000c\000i\000a\000l\000i\000z\000a\000d\000o\000s}{section.2.3}% 9
\BOOKMARK [0][-]{chapter.3}{\376\377\000M\000o\000r\000d\000e\000n\000t\000e}{}% 10
\BOOKMARK [1][-]{section.3.1}{\376\377\000D\000e\000s\000a\000r\000r\000o\000l\000l\000o\000\040\000d\000e\000\040\000M\000o\000r\000d\000e\000n\000t\000e}{chapter.3}% 11
\BOOKMARK [2][-]{subsection.3.1.1}{\376\377\000D\000i\000s\000e\000\361\000o\000\040\000C\000e\000n\000t\000r\000a\000d\000o\000\040\000e\000n\000\040\000e\000l\000\040\000U\000s\000u\000a\000r\000i\000o}{section.3.1}% 12
\BOOKMARK [2][-]{subsection.3.1.2}{\376\377\000D\000e\000s\000i\000g\000n\000\040\000T\000h\000i\000n\000k\000i\000n\000g}{section.3.1}% 13
\BOOKMARK [1][-]{section.3.2}{\376\377\000P\000e\000r\000s\000o\000n\000a\000s\000\040\000f\000i\000c\000t\000i\000c\000i\000a\000s}{chapter.3}% 14
\BOOKMARK [1][-]{section.3.3}{\376\377\000M\000a\000l\000l\000a\000\040\000r\000e\000c\000e\000p\000t\000o\000r\000a\000\040\000d\000e\000\040\000i\000n\000f\000o\000r\000m\000a\000c\000i\000\363\000n}{chapter.3}% 15
\BOOKMARK [2][-]{subsection.3.3.1}{\376\377\000A\000s\000p\000e\000c\000t\000o\000s\000\040\000i\000n\000t\000e\000r\000e\000s\000a\000n\000t\000e\000s\000\040\000o\000\040\000r\000e\000l\000e\000v\000a\000n\000t\000e\000s\000\040\000d\000e\000\040\000l\000a\000\040\000i\000d\000e\000a}{section.3.3}% 16
\BOOKMARK [2][-]{subsection.3.3.2}{\376\377\000C\000r\000\355\000t\000i\000c\000a\000s\000\040\000c\000o\000n\000s\000t\000r\000u\000c\000t\000i\000v\000a\000s\000\040\000o\000\040\000p\000o\000s\000i\000b\000i\000l\000i\000d\000a\000d\000e\000s\000\040\000d\000e\000\040\000m\000e\000j\000o\000r\000a}{section.3.3}% 17
\BOOKMARK [2][-]{subsection.3.3.3}{\376\377\000P\000r\000e\000g\000u\000n\000t\000a\000s\000\040\000n\000u\000e\000v\000a\000s\000\040\000a\000\040\000p\000a\000r\000t\000i\000r\000\040\000d\000e\000\040\000l\000a\000\040\000e\000x\000p\000e\000r\000i\000e\000n\000c\000i\000a\000\040\000d\000e\000l\000\040\000u\000s\000u\000a\000r\000i\000o}{section.3.3}% 18
\BOOKMARK [2][-]{subsection.3.3.4}{\376\377\000I\000d\000e\000a\000s\000\040\000q\000u\000e\000\040\000s\000u\000r\000g\000e\000n}{section.3.3}% 19
\BOOKMARK [1][-]{section.3.4}{\376\377\000D\000e\000s\000c\000r\000i\000p\000c\000i\000\363\000n\000\040\000d\000e\000\040\000l\000a\000\040\000p\000r\000o\000p\000u\000e\000s\000t\000a}{chapter.3}% 20
\BOOKMARK [2][-]{subsection.3.4.1}{\376\377\000P\000r\000o\000p\000u\000e\000s\000t\000a\000\040\000d\000e\000l\000\040\000p\000r\000o\000d\000u\000c\000t\000o}{section.3.4}% 21
\BOOKMARK [2][-]{subsection.3.4.2}{\376\377\000E\000l\000e\000c\000c\000i\000\363\000n\000\040\000d\000e\000\040\000m\000e\000t\000o\000d\000o\000l\000o\000g\000\355\000a\000\040\000d\000e\000\040\000d\000e\000s\000a\000r\000r\000o\000l\000l\000o}{section.3.4}% 22
\BOOKMARK [2][-]{subsection.3.4.3}{\376\377\000P\000l\000a\000n\000i\000f\000i\000c\000a\000c\000i\000\363\000n}{section.3.4}% 23
\BOOKMARK [2][-]{subsection.3.4.4}{\376\377\000P\000r\000e\000s\000u\000p\000u\000e\000s\000t\000o}{section.3.4}% 24
\BOOKMARK [0][-]{chapter.4}{\376\377\000D\000i\000s\000e\000\361\000o\000\040\000d\000e\000\040\000l\000a\000\040\000i\000n\000t\000e\000r\000f\000a\000z\000\040\000d\000e\000\040\000u\000s\000u\000a\000r\000i\000o}{}% 25
\BOOKMARK [1][-]{subsection.4.0.1}{\376\377\000B\000o\000c\000e\000t\000o\000s\000\040\000d\000e\000\040\000i\000n\000t\000e\000r\000f\000a\000z}{chapter.4}% 26
\BOOKMARK [0][-]{chapter.5}{\376\377\000D\000i\000s\000e\000\361\000o\000\040\000t\000\351\000c\000n\000i\000c\000o}{}% 27
\BOOKMARK [1][-]{section.5.1}{\376\377\000L\000i\000s\000t\000a\000d\000o\000\040\000d\000e\000\040\000h\000i\000s\000t\000o\000r\000i\000a\000s\000\040\000d\000e\000\040\000u\000s\000u\000a\000r\000i\000o\000\040\000\050\000B\000a\000c\000k\000l\000o\000g\000\051}{chapter.5}% 28
\BOOKMARK [1][-]{section.5.2}{\376\377\000H\000i\000s\000t\000o\000r\000i\000a\000s\000\040\000d\000e\000\040\000u\000s\000u\000a\000r\000i\000o}{chapter.5}% 29
\BOOKMARK [1][-]{section.5.3}{\376\377\000M\000e\000t\000o\000d\000o\000l\000o\000g\000\355\000a\000s\000\040\000y\000\040\000t\000e\000c\000n\000o\000l\000o\000g\000\355\000a\000s\000\040\000d\000e\000\040\000b\000a\000s\000e\000\040\000q\000u\000e\000\040\000p\000o\000d\000r\000\355\000a\000n\000\040\000u\000s\000a\000r\000s\000e}{chapter.5}% 30
\BOOKMARK [2][-]{subsection.5.3.1}{\376\377\000L\000e\000n\000g\000u\000a\000j\000e\000\040\000d\000e\000\040\000p\000r\000o\000g\000r\000a\000m\000a\000c\000i\000\363\000n}{section.5.3}% 31
\BOOKMARK [2][-]{subsection.5.3.2}{\376\377\000F\000r\000a\000m\000e\000w\000o\000r\000k\000\040\000p\000a\000r\000a\000\040\000e\000l\000\040\000d\000e\000s\000a\000r\000r\000o\000l\000l\000o\000\040\000d\000e\000l\000\040\000b\000o\000t}{section.5.3}% 32
\BOOKMARK [2][-]{subsection.5.3.3}{\376\377\000B\000a\000s\000e\000\040\000d\000e\000\040\000d\000a\000t\000o\000s}{section.5.3}% 33
\BOOKMARK [2][-]{subsection.5.3.4}{\376\377\000A\000l\000m\000a\000c\000e\000n\000a\000m\000i\000e\000n\000t\000o\000\040\000d\000e\000\040\000a\000r\000c\000h\000i\000v\000o\000s}{section.5.3}% 34
\BOOKMARK [2][-]{subsection.5.3.5}{\376\377\000I\000D\000E}{section.5.3}% 35
\BOOKMARK [2][-]{subsection.5.3.6}{\376\377\000D\000o\000c\000u\000m\000e\000n\000t\000a\000c\000i\000\363\000n}{section.5.3}% 36
\BOOKMARK [1][-]{section.5.4}{\376\377\000M\000o\000d\000e\000l\000o\000\040\000d\000e\000\040\000l\000a\000\040\000b\000a\000s\000e\000\040\000d\000e\000\040\000d\000a\000t\000o\000s}{chapter.5}% 37
\BOOKMARK [1][-]{section.5.5}{\376\377\000A\000r\000q\000u\000i\000t\000e\000c\000t\000u\000r\000a\000\040\000d\000e\000\040\000M\000o\000r\000d\000e\000n\000t\000e}{chapter.5}% 38
\BOOKMARK [2][-]{subsection.5.5.1}{\376\377\000A\000r\000q\000u\000i\000t\000e\000c\000t\000u\000r\000a\000\040\000e\000n\000t\000r\000e\000\040\000p\000u\000n\000t\000o\000s}{section.5.5}% 39
\BOOKMARK [2][-]{subsection.5.5.2}{\376\377\000A\000r\000q\000u\000i\000t\000e\000c\000t\000u\000r\000a\000\040\000e\000n\000t\000r\000e\000\040\000s\000e\000r\000v\000i\000c\000i\000o\000s}{section.5.5}% 40
\BOOKMARK [0][-]{chapter.6}{\376\377\000I\000m\000p\000l\000e\000m\000e\000n\000t\000a\000c\000i\000\363\000n}{}% 41
\BOOKMARK [1][-]{section.6.1}{\376\377\000M\000e\000t\000o\000d\000o\000l\000o\000g\000\355\000a\000\040\000d\000e\000\040\000t\000r\000a\000b\000a\000j\000o}{chapter.6}% 42
\BOOKMARK [2][-]{subsection.6.1.1}{\376\377\000P\000l\000a\000n\000i\000f\000i\000c\000a\000c\000i\000\363\000n\000\040\000t\000e\000m\000p\000o\000r\000a\000l}{section.6.1}% 43
\BOOKMARK [1][-]{section.6.2}{\376\377\000P\000r\000e\000s\000u\000p\000u\000e\000s\000t\000o}{chapter.6}% 44
\BOOKMARK [1][-]{section.6.3}{\376\377\000H\000e\000r\000r\000a\000m\000i\000e\000n\000t\000a\000s\000\040\000y\000\040\000t\000e\000c\000n\000o\000l\000o\000g\000\355\000a\000s\000\040\000e\000s\000c\000o\000g\000i\000d\000a\000s}{chapter.6}% 45
\BOOKMARK [2][-]{subsection.6.3.1}{\376\377\000L\000e\000n\000g\000u\000a\000j\000e\000\040\000d\000e\000\040\000p\000r\000o\000g\000r\000a\000m\000a\000c\000i\000\363\000n}{section.6.3}% 46
\BOOKMARK [2][-]{subsection.6.3.2}{\376\377\000F\000r\000a\000m\000e\000w\000o\000r\000k}{section.6.3}% 47
\BOOKMARK [2][-]{subsection.6.3.3}{\376\377\000B\000a\000s\000e\000\040\000d\000e\000\040\000d\000a\000t\000o\000s}{section.6.3}% 48
\BOOKMARK [2][-]{subsection.6.3.4}{\376\377\000O\000R\000M}{section.6.3}% 49
\BOOKMARK [2][-]{subsection.6.3.5}{\376\377\000I\000D\000E}{section.6.3}% 50
\BOOKMARK [1][-]{section.6.4}{\376\377\000P\000r\000i\000m\000e\000r\000\040\000s\000p\000r\000i\000n\000t}{chapter.6}% 51
\BOOKMARK [1][-]{section.6.5}{\376\377\000S\000e\000g\000u\000n\000d\000o\000\040\000s\000p\000r\000i\000n\000t}{chapter.6}% 52
\BOOKMARK [0][-]{chapter.7}{\376\377\000P\000r\000u\000e\000b\000a\000s}{}% 53
\BOOKMARK [1][-]{section.7.1}{\376\377\000D\000i\000s\000e\000\361\000o\000\040\000d\000e\000\040\000l\000a\000s\000\040\000p\000r\000u\000e\000b\000a\000s}{chapter.7}% 54
\BOOKMARK [1][-]{section.7.2}{\376\377\000R\000e\000a\000l\000i\000z\000a\000c\000i\000\363\000n\000\040\000d\000e\000\040\000l\000a\000s\000\040\000p\000r\000u\000e\000b\000a\000s}{chapter.7}% 55
\BOOKMARK [1][-]{section.7.3}{\376\377\000I\000n\000f\000o\000r\000m\000e\000\040\000f\000i\000n\000a\000l\000\040\000d\000e\000\040\000l\000a\000s\000\040\000p\000r\000u\000e\000b\000a\000s}{chapter.7}% 56
\BOOKMARK [1][-]{section.7.4}{\376\377\000D\000e\000m\000o\000s\000t\000r\000a\000c\000i\000\363\000n\000\040\000e\000n\000\040\000v\000\355\000d\000e\000o}{chapter.7}% 57
\BOOKMARK [0][-]{chapter.8}{\376\377\000C\000o\000n\000c\000l\000u\000s\000i\000o\000n\000e\000s\000\040\000y\000\040\000t\000r\000a\000b\000a\000j\000o\000s\000\040\000f\000u\000t\000u\000r\000o\000s}{}% 58
\BOOKMARK [1][-]{section.8.1}{\376\377\000C\000o\000n\000c\000l\000u\000s\000i\000o\000n\000e\000s}{chapter.8}% 59
\BOOKMARK [1][-]{section.8.2}{\376\377\000T\000r\000a\000b\000a\000j\000o\000s\000\040\000f\000u\000t\000u\000r\000o\000s}{chapter.8}% 60
\BOOKMARK [2][-]{subsection.8.2.1}{\376\377\000W\000e\000b\000a\000p\000p}{section.8.2}% 61
\BOOKMARK [2][-]{subsection.8.2.2}{\376\377\000W\000e\000b\000a\000p\000p\000\040\000i\000n\000t\000e\000g\000r\000a\000d\000a\000\040\000e\000n\000\040\000e\000l\000\040\000b\000o\000t}{section.8.2}% 62
\BOOKMARK [0][-]{chapter*.14}{\376\377\000B\000i\000b\000l\000i\000o\000g\000r\000a\000f\000\355\000a}{}% 63
